[02:07:33.559] [INFO] Storybook upgrade - v10.1.10
[02:07:33.564] [INFO] detect-projects-spinner-start: Detecting projects...
[02:07:33.566] [DEBUG] Finding Storybook projects...
[02:08:22.797] [DEBUG] Found 12 Storybook projects
[02:08:22.800] [INFO] detect-projects-spinner: Detecting projects: 1 projects
[02:08:22.800] [DEBUG] Getting Storybook data...
[02:08:22.800] [DEBUG] Getting Storybook info...
[02:08:22.808] [INFO] detect-projects-spinner: Detecting projects: 2 projects
[02:08:22.808] [DEBUG] Getting Storybook data...
[02:08:22.808] [DEBUG] Getting Storybook info...
[02:08:22.811] [INFO] detect-projects-spinner: Detecting projects: 3 projects
[02:08:22.811] [DEBUG] Getting Storybook data...
[02:08:22.811] [DEBUG] Getting Storybook info...
[02:08:22.813] [INFO] detect-projects-spinner: Detecting projects: 4 projects
[02:08:22.813] [DEBUG] Getting Storybook data...
[02:08:22.813] [DEBUG] Getting Storybook info...
[02:08:22.816] [INFO] detect-projects-spinner: Detecting projects: 5 projects
[02:08:22.816] [DEBUG] Getting Storybook data...
[02:08:22.816] [DEBUG] Getting Storybook info...
[02:08:23.015] [DEBUG] Loading main config...
[02:08:23.015] [DEBUG] Getting stories paths...
[02:08:23.074] [DEBUG] Getting package manager...
[02:08:24.754] [DEBUG] Getting package.json info for C:/Users/Danim/OneDrive/Bureaublad/Syncroleap/web-sdk/apps/cosmic-cluster/package.json...
[02:08:24.754] [DEBUG] Getting Storybook version...
[02:08:24.756] [DEBUG] C:/Users/Danim/OneDrive/Bureaublad/Syncroleap/web-sdk/apps/cosmic-cluster/.storybook - Validating before version... 9.0.15
[02:08:24.756] [DEBUG] C:/Users/Danim/OneDrive/Bureaublad/Syncroleap/web-sdk/apps/cosmic-cluster/.storybook - Validating upgrade compatibility...
[02:08:24.756] [DEBUG] C:/Users/Danim/OneDrive/Bureaublad/Syncroleap/web-sdk/apps/cosmic-cluster/.storybook - Fetching NPM version information...
[02:08:24.756] [DEBUG] Getting CLI versions from NPM for storybook...
[02:08:24.756] [DEBUG] Executing command: pnpm info storybook version
[02:08:24.881] [DEBUG] Getting CLI versions from NPM for storybook@next...
[02:08:24.881] [DEBUG] Executing command: pnpm info storybook@next version
[02:08:25.297] [DEBUG] Loading main config...
[02:08:25.297] [DEBUG] Getting stories paths...
[02:08:25.297] [DEBUG] Loading main config...
[02:08:25.297] [DEBUG] Getting stories paths...
[02:08:25.297] [DEBUG] Loading main config...
[02:08:25.297] [DEBUG] Getting stories paths...
[02:08:25.298] [DEBUG] Loading main config...
[02:08:25.298] [DEBUG] Getting stories paths...
[02:08:25.317] [DEBUG] Getting package manager...
[02:08:26.976] [DEBUG] Getting package.json info for C:/Users/Danim/OneDrive/Bureaublad/Syncroleap/web-sdk/apps/cluster/package.json...
[02:08:26.977] [DEBUG] Getting Storybook version...
[02:08:26.978] [DEBUG] C:/Users/Danim/OneDrive/Bureaublad/Syncroleap/web-sdk/apps/cluster/.storybook - Validating before version... 9.0.15
[02:08:26.978] [DEBUG] C:/Users/Danim/OneDrive/Bureaublad/Syncroleap/web-sdk/apps/cluster/.storybook - Validating upgrade compatibility...
[02:08:26.978] [DEBUG] C:/Users/Danim/OneDrive/Bureaublad/Syncroleap/web-sdk/apps/cluster/.storybook - Fetching NPM version information...
[02:08:26.978] [DEBUG] Getting CLI versions from NPM for storybook...
[02:08:26.978] [DEBUG] Executing command: pnpm info storybook version
[02:08:27.101] [DEBUG] Getting CLI versions from NPM for storybook@next...
[02:08:27.101] [DEBUG] Executing command: pnpm info storybook@next version
[02:08:27.240] [DEBUG] Getting package manager...
[02:08:28.926] [DEBUG] Getting package.json info for C:/Users/Danim/OneDrive/Bureaublad/Syncroleap/web-sdk/apps/price/package.json...
[02:08:28.926] [DEBUG] Getting Storybook version...
[02:08:28.927] [DEBUG] C:/Users/Danim/OneDrive/Bureaublad/Syncroleap/web-sdk/apps/price/.storybook - Validating before version... 9.0.15
[02:08:28.927] [DEBUG] C:/Users/Danim/OneDrive/Bureaublad/Syncroleap/web-sdk/apps/price/.storybook - Validating upgrade compatibility...
[02:08:28.927] [DEBUG] C:/Users/Danim/OneDrive/Bureaublad/Syncroleap/web-sdk/apps/price/.storybook - Fetching NPM version information...
[02:08:28.927] [DEBUG] Getting CLI versions from NPM for storybook...
[02:08:28.927] [DEBUG] Executing command: pnpm info storybook version
[02:08:29.059] [DEBUG] Getting CLI versions from NPM for storybook@next...
[02:08:29.059] [DEBUG] Executing command: pnpm info storybook@next version
[02:08:29.207] [DEBUG] Getting package manager...
[02:08:30.884] [DEBUG] Getting package.json info for C:/Users/Danim/OneDrive/Bureaublad/Syncroleap/web-sdk/apps/scatter/package.json...
[02:08:30.884] [DEBUG] Getting Storybook version...
[02:08:30.885] [DEBUG] C:/Users/Danim/OneDrive/Bureaublad/Syncroleap/web-sdk/apps/scatter/.storybook - Validating before version... 9.0.15
[02:08:30.885] [DEBUG] C:/Users/Danim/OneDrive/Bureaublad/Syncroleap/web-sdk/apps/scatter/.storybook - Validating upgrade compatibility...
[02:08:30.885] [DEBUG] C:/Users/Danim/OneDrive/Bureaublad/Syncroleap/web-sdk/apps/scatter/.storybook - Fetching NPM version information...
[02:08:30.885] [DEBUG] Getting CLI versions from NPM for storybook...
[02:08:30.885] [DEBUG] Executing command: pnpm info storybook version
[02:08:31.010] [DEBUG] Getting CLI versions from NPM for storybook@next...
[02:08:31.010] [DEBUG] Executing command: pnpm info storybook@next version
[02:08:31.144] [DEBUG] C:/Users/Danim/OneDrive/Bureaublad/Syncroleap/web-sdk/apps/cosmic-cluster/.storybook - Evaluating blockers...
[02:08:31.145] [DEBUG] C:/Users/Danim/OneDrive/Bureaublad/Syncroleap/web-sdk/apps/cluster/.storybook - Evaluating blockers...
[02:08:31.148] [DEBUG] Getting package manager...
[02:08:33.053] [DEBUG] Getting package.json info for C:/Users/Danim/OneDrive/Bureaublad/Syncroleap/web-sdk/apps/ways/package.json...
[02:08:33.053] [DEBUG] Getting Storybook version...
[02:08:33.056] [DEBUG] C:/Users/Danim/OneDrive/Bureaublad/Syncroleap/web-sdk/apps/ways/.storybook - Validating before version... 9.0.15
[02:08:33.056] [DEBUG] C:/Users/Danim/OneDrive/Bureaublad/Syncroleap/web-sdk/apps/ways/.storybook - Validating upgrade compatibility...
[02:08:33.056] [DEBUG] C:/Users/Danim/OneDrive/Bureaublad/Syncroleap/web-sdk/apps/ways/.storybook - Fetching NPM version information...
[02:08:33.056] [DEBUG] Using cached version for storybook...
[02:08:33.056] [DEBUG] Using cached version for storybook@next...
[02:08:33.056] [DEBUG] C:/Users/Danim/OneDrive/Bureaublad/Syncroleap/web-sdk/apps/ways/.storybook - Evaluating blockers...
[02:08:33.064] [DEBUG] C:/Users/Danim/OneDrive/Bureaublad/Syncroleap/web-sdk/apps/price/.storybook - Evaluating blockers...
[02:08:33.183] [DEBUG] Using cached package.json for C:\Users\Danim\OneDrive\Bureaublad\Syncroleap\web-sdk\package.json...
[02:08:33.183] [DEBUG] Using cached package.json for C:\Users\Danim\package.json...
[02:08:33.183] [DEBUG] Using cached package.json for C:\Users\Danim\OneDrive\Bureaublad\Syncroleap\web-sdk\package.json...
[02:08:33.183] [DEBUG] Using cached package.json for C:\Users\Danim\package.json...
[02:08:33.183] [DEBUG] Using cached package.json for C:\Users\Danim\OneDrive\Bureaublad\Syncroleap\web-sdk\package.json...
[02:08:33.183] [DEBUG] Using cached package.json for C:\Users\Danim\package.json...
[02:08:33.184] [DEBUG] Getting installed version for @storybook/experimental-addon-test...
[02:08:33.184] [DEBUG] Executing command: pnpm list "@storybook/experimental-addon-test" --json --depth=99
[02:08:33.474] [DEBUG] Getting installed version for @storybook/experimental-addon-test...
[02:08:33.474] [DEBUG] Executing command: pnpm list "@storybook/experimental-addon-test" --json --depth=99
[02:08:33.703] [DEBUG] Getting installed version for @storybook/experimental-addon-test...
[02:08:33.703] [DEBUG] Executing command: pnpm list "@storybook/experimental-addon-test" --json --depth=99
[02:08:33.919] [DEBUG] Getting installed version for @storybook/experimental-addon-test...
[02:08:33.919] [DEBUG] Executing command: pnpm list "@storybook/experimental-addon-test" --json --depth=99
[02:08:34.712] [DEBUG] C:/Users/Danim/OneDrive/Bureaublad/Syncroleap/web-sdk/apps/scatter/.storybook - Evaluating blockers...
[02:08:34.734] [DEBUG] Using cached package.json for C:\Users\Danim\OneDrive\Bureaublad\Syncroleap\web-sdk\package.json...
[02:08:34.734] [DEBUG] Using cached package.json for C:\Users\Danim\package.json...
[02:08:34.734] [DEBUG] Getting installed version for @storybook/experimental-addon-test...
[02:08:34.734] [DEBUG] Executing command: pnpm list "@storybook/experimental-addon-test" --json --depth=99
[02:08:34.933] [INFO] detect-projects-spinner: Detecting projects: 6 projects
[02:08:34.933] [DEBUG] Getting Storybook data...
[02:08:34.933] [DEBUG] Getting Storybook info...
[02:08:34.982] [DEBUG] Loading main config...
[02:08:34.982] [DEBUG] Getting stories paths...
[02:08:34.986] [DEBUG] Getting package manager...
[02:08:36.667] [DEBUG] Getting package.json info for C:/Users/Danim/OneDrive/Bureaublad/Syncroleap/web-sdk/packages/components-layout/package.json...
[02:08:36.667] [DEBUG] Getting Storybook version...
[02:08:36.668] [DEBUG] C:/Users/Danim/OneDrive/Bureaublad/Syncroleap/web-sdk/packages/components-layout/.storybook - Validating before version... 9.0.15
[02:08:36.668] [DEBUG] C:/Users/Danim/OneDrive/Bureaublad/Syncroleap/web-sdk/packages/components-layout/.storybook - Validating upgrade compatibility...
[02:08:36.668] [DEBUG] C:/Users/Danim/OneDrive/Bureaublad/Syncroleap/web-sdk/packages/components-layout/.storybook - Fetching NPM version information...
[02:08:36.668] [DEBUG] Using cached version for storybook...
[02:08:36.668] [DEBUG] Using cached version for storybook@next...
[02:08:36.668] [DEBUG] C:/Users/Danim/OneDrive/Bureaublad/Syncroleap/web-sdk/packages/components-layout/.storybook - Evaluating blockers...
[02:08:36.676] [INFO] detect-projects-spinner: Detecting projects: 7 projects
[02:08:36.676] [DEBUG] Getting Storybook data...
[02:08:36.676] [DEBUG] Getting Storybook info...
[02:08:36.678] [INFO] detect-projects-spinner: Detecting projects: 8 projects
[02:08:36.678] [DEBUG] Getting Storybook data...
[02:08:36.678] [DEBUG] Getting Storybook info...
[02:08:36.680] [INFO] detect-projects-spinner: Detecting projects: 9 projects
[02:08:36.680] [DEBUG] Getting Storybook data...
[02:08:36.680] [DEBUG] Getting Storybook info...
[02:08:36.683] [INFO] detect-projects-spinner: Detecting projects: 10 projects
[02:08:36.683] [DEBUG] Getting Storybook data...
[02:08:36.683] [DEBUG] Getting Storybook info...
[02:08:36.693] [DEBUG] Using cached package.json for C:\Users\Danim\OneDrive\Bureaublad\Syncroleap\web-sdk\package.json...
[02:08:36.693] [DEBUG] Using cached package.json for C:\Users\Danim\package.json...
[02:08:36.693] [DEBUG] Using cached installed version for @storybook/experimental-addon-test...
[02:08:36.693] [INFO] detect-projects-spinner: Detecting projects: 11 projects
[02:08:36.693] [DEBUG] Getting Storybook data...
[02:08:36.693] [DEBUG] Getting Storybook info...
[02:08:36.740] [DEBUG] Loading main config...
[02:08:36.740] [DEBUG] Getting stories paths...
[02:08:36.758] [DEBUG] Loading main config...
[02:08:36.758] [DEBUG] Getting stories paths...
[02:08:36.816] [DEBUG] Loading main config...
[02:08:36.816] [DEBUG] Getting stories paths...
[02:08:36.816] [DEBUG] Loading main config...
[02:08:36.816] [DEBUG] Getting stories paths...
[02:08:36.817] [DEBUG] Loading main config...
[02:08:36.817] [DEBUG] Getting stories paths...
[02:08:36.823] [DEBUG] Getting package manager...
[02:08:38.318] [DEBUG] Getting package.json info for C:/Users/Danim/OneDrive/Bureaublad/Syncroleap/web-sdk/packages/components-pixi/package.json...
[02:08:38.318] [DEBUG] Getting Storybook version...
[02:08:38.320] [DEBUG] C:/Users/Danim/OneDrive/Bureaublad/Syncroleap/web-sdk/packages/components-pixi/.storybook - Validating before version... 9.0.15
[02:08:38.320] [DEBUG] C:/Users/Danim/OneDrive/Bureaublad/Syncroleap/web-sdk/packages/components-pixi/.storybook - Validating upgrade compatibility...
[02:08:38.320] [DEBUG] C:/Users/Danim/OneDrive/Bureaublad/Syncroleap/web-sdk/packages/components-pixi/.storybook - Fetching NPM version information...
[02:08:38.320] [DEBUG] Using cached version for storybook...
[02:08:38.320] [DEBUG] Using cached version for storybook@next...
[02:08:38.320] [DEBUG] C:/Users/Danim/OneDrive/Bureaublad/Syncroleap/web-sdk/packages/components-pixi/.storybook - Evaluating blockers...
[02:08:38.321] [DEBUG] Getting package manager...
[02:08:40.019] [DEBUG] Getting package.json info for C:/Users/Danim/OneDrive/Bureaublad/Syncroleap/web-sdk/packages/components-shared/package.json...
[02:08:40.019] [DEBUG] Getting Storybook version...
[02:08:40.020] [DEBUG] C:/Users/Danim/OneDrive/Bureaublad/Syncroleap/web-sdk/packages/components-shared/.storybook - Validating before version... 9.0.15
[02:08:40.020] [DEBUG] C:/Users/Danim/OneDrive/Bureaublad/Syncroleap/web-sdk/packages/components-shared/.storybook - Validating upgrade compatibility...
[02:08:40.020] [DEBUG] C:/Users/Danim/OneDrive/Bureaublad/Syncroleap/web-sdk/packages/components-shared/.storybook - Fetching NPM version information...
[02:08:40.020] [DEBUG] Using cached version for storybook...
[02:08:40.020] [DEBUG] Using cached version for storybook@next...
[02:08:40.020] [DEBUG] C:/Users/Danim/OneDrive/Bureaublad/Syncroleap/web-sdk/packages/components-shared/.storybook - Evaluating blockers...
[02:08:40.033] [DEBUG] Using cached package.json for C:\Users\Danim\OneDrive\Bureaublad\Syncroleap\web-sdk\package.json...
[02:08:40.033] [DEBUG] Using cached package.json for C:\Users\Danim\package.json...
[02:08:40.033] [DEBUG] Using cached installed version for @storybook/experimental-addon-test...
[02:08:40.040] [INFO] detect-projects-spinner: Detecting projects: 12 projects
[02:08:40.040] [DEBUG] Getting Storybook data...
[02:08:40.040] [DEBUG] Getting Storybook info...
[02:08:40.042] [DEBUG] Getting package manager...
[02:08:41.385] [DEBUG] Getting package.json info for C:/Users/Danim/OneDrive/Bureaublad/Syncroleap/web-sdk/packages/components-storybook/package.json...
[02:08:41.385] [DEBUG] Getting Storybook version...
[02:08:41.386] [DEBUG] C:/Users/Danim/OneDrive/Bureaublad/Syncroleap/web-sdk/packages/components-storybook/.storybook - Validating before version... 9.0.15
[02:08:41.386] [DEBUG] C:/Users/Danim/OneDrive/Bureaublad/Syncroleap/web-sdk/packages/components-storybook/.storybook - Validating upgrade compatibility...
[02:08:41.386] [DEBUG] C:/Users/Danim/OneDrive/Bureaublad/Syncroleap/web-sdk/packages/components-storybook/.storybook - Fetching NPM version information...
[02:08:41.386] [DEBUG] Using cached version for storybook...
[02:08:41.386] [DEBUG] Using cached version for storybook@next...
[02:08:41.386] [DEBUG] C:/Users/Danim/OneDrive/Bureaublad/Syncroleap/web-sdk/packages/components-storybook/.storybook - Evaluating blockers...
[02:08:41.395] [DEBUG] Using cached package.json for C:\Users\Danim\OneDrive\Bureaublad\Syncroleap\web-sdk\package.json...
[02:08:41.395] [DEBUG] Using cached package.json for C:\Users\Danim\package.json...
[02:08:41.395] [DEBUG] Using cached installed version for @storybook/experimental-addon-test...
[02:08:41.402] [DEBUG] Getting package manager...
[02:08:42.661] [DEBUG] Getting package.json info for C:/Users/Danim/OneDrive/Bureaublad/Syncroleap/web-sdk/packages/components-ui-html/package.json...
[02:08:42.661] [DEBUG] Getting Storybook version...
[02:08:42.662] [DEBUG] C:/Users/Danim/OneDrive/Bureaublad/Syncroleap/web-sdk/packages/components-ui-html/.storybook - Validating before version... 9.0.15
[02:08:42.662] [DEBUG] C:/Users/Danim/OneDrive/Bureaublad/Syncroleap/web-sdk/packages/components-ui-html/.storybook - Validating upgrade compatibility...
[02:08:42.662] [DEBUG] C:/Users/Danim/OneDrive/Bureaublad/Syncroleap/web-sdk/packages/components-ui-html/.storybook - Fetching NPM version information...
[02:08:42.662] [DEBUG] Using cached version for storybook...
[02:08:42.662] [DEBUG] Using cached version for storybook@next...
[02:08:42.662] [DEBUG] C:/Users/Danim/OneDrive/Bureaublad/Syncroleap/web-sdk/packages/components-ui-html/.storybook - Evaluating blockers...
[02:08:42.663] [DEBUG] Getting package manager...
[02:08:44.143] [DEBUG] Getting package.json info for C:/Users/Danim/OneDrive/Bureaublad/Syncroleap/web-sdk/packages/components-ui-pixi/package.json...
[02:08:44.143] [DEBUG] Getting Storybook version...
[02:08:44.145] [DEBUG] C:/Users/Danim/OneDrive/Bureaublad/Syncroleap/web-sdk/packages/components-ui-pixi/.storybook - Validating before version... 9.0.15
[02:08:44.145] [DEBUG] C:/Users/Danim/OneDrive/Bureaublad/Syncroleap/web-sdk/packages/components-ui-pixi/.storybook - Validating upgrade compatibility...
[02:08:44.145] [DEBUG] C:/Users/Danim/OneDrive/Bureaublad/Syncroleap/web-sdk/packages/components-ui-pixi/.storybook - Fetching NPM version information...
[02:08:44.145] [DEBUG] Using cached version for storybook...
[02:08:44.145] [DEBUG] Using cached version for storybook@next...
[02:08:44.145] [DEBUG] C:/Users/Danim/OneDrive/Bureaublad/Syncroleap/web-sdk/packages/components-ui-pixi/.storybook - Evaluating blockers...
[02:08:44.152] [DEBUG] Using cached package.json for C:\Users\Danim\OneDrive\Bureaublad\Syncroleap\web-sdk\package.json...
[02:08:44.152] [DEBUG] Using cached package.json for C:\Users\Danim\package.json...
[02:08:44.152] [DEBUG] Using cached installed version for @storybook/experimental-addon-test...
[02:08:44.166] [DEBUG] Using cached package.json for C:\Users\Danim\OneDrive\Bureaublad\Syncroleap\web-sdk\package.json...
[02:08:44.166] [DEBUG] Using cached package.json for C:\Users\Danim\package.json...
[02:08:44.166] [DEBUG] Using cached installed version for @storybook/experimental-addon-test...
[02:08:44.184] [DEBUG] Using cached package.json for C:\Users\Danim\OneDrive\Bureaublad\Syncroleap\web-sdk\package.json...
[02:08:44.184] [DEBUG] Using cached package.json for C:\Users\Danim\package.json...
[02:08:44.184] [DEBUG] Using cached installed version for @storybook/experimental-addon-test...
[02:08:44.203] [DEBUG] Loading main config...
[02:08:44.203] [DEBUG] Getting stories paths...
[02:08:44.207] [DEBUG] Getting package manager...
[02:08:45.627] [DEBUG] Getting package.json info for C:/Users/Danim/OneDrive/Bureaublad/Syncroleap/web-sdk/packages/pixi-svelte-storybook/package.json...
[02:08:45.627] [DEBUG] Getting Storybook version...
[02:08:45.628] [DEBUG] C:/Users/Danim/OneDrive/Bureaublad/Syncroleap/web-sdk/packages/pixi-svelte-storybook/.storybook - Validating before version... 9.0.15
[02:08:45.628] [DEBUG] C:/Users/Danim/OneDrive/Bureaublad/Syncroleap/web-sdk/packages/pixi-svelte-storybook/.storybook - Validating upgrade compatibility...
[02:08:45.628] [DEBUG] C:/Users/Danim/OneDrive/Bureaublad/Syncroleap/web-sdk/packages/pixi-svelte-storybook/.storybook - Fetching NPM version information...
[02:08:45.628] [DEBUG] Using cached version for storybook...
[02:08:45.628] [DEBUG] Using cached version for storybook@next...
[02:08:45.628] [DEBUG] C:/Users/Danim/OneDrive/Bureaublad/Syncroleap/web-sdk/packages/pixi-svelte-storybook/.storybook - Evaluating blockers...
[02:08:45.648] [DEBUG] Using cached package.json for C:\Users\Danim\OneDrive\Bureaublad\Syncroleap\web-sdk\package.json...
[02:08:45.648] [DEBUG] Using cached package.json for C:\Users\Danim\package.json...
[02:08:45.648] [DEBUG] Using cached installed version for @storybook/experimental-addon-test...
[02:08:45.649] [INFO] detect-projects-spinner-stop: 12 projects detected
[02:08:45.650] [DEBUG] Found 12 valid projects and 0 error projects
[02:10:16.872] [PROMPT] Select which projects to upgrade {"choice":["C:/Users/Danim/OneDrive/Bureaublad/Syncroleap/web-sdk/apps/cosmic-cluster/.storybook"]}
[02:10:16.873] [INFO] Upgrading from [1m9.0.15[22m to [1m10.1.10[22m
[02:10:16.876] [INFO] upgrade-dependencies-task-start: Fetching versions to update package.json files..
[02:10:16.876] [DEBUG] Updating dependencies in C:/Users/Danim/OneDrive/Bureaublad/Syncroleap/web-sdk/apps/cosmic-cluster/.storybook...
[02:10:16.877] [INFO] upgrade-dependencies-task: C:/Users/Danim/OneDrive/Bureaublad/Syncroleap/web-sdk/apps/cosmic-cluster/package.json
C:/Users/Danim/OneDrive/Bureaublad/Syncroleap/web-sdk/package.json
C:/Users/Danim/package.json
[02:10:16.877] [DEBUG] Using cached package.json for C:\Users\Danim\OneDrive\Bureaublad\Syncroleap\web-sdk\apps\cosmic-cluster\package.json...
[02:10:16.877] [DEBUG] Getting CLI versions from NPM for @storybook/addon-svelte-csf...
[02:10:16.878] [DEBUG] Executing command: pnpm info @storybook/addon-svelte-csf version
[02:10:19.953] [DEBUG] {
  "upgradedDependencies": []
}
[02:10:19.953] [DEBUG] {
  "upgradedDevDependencies": [
    "@storybook/addon-svelte-csf@5.0.10"
  ]
}
[02:10:19.953] [DEBUG] {
  "upgradedPeerDependencies": []
}
[02:10:19.953] [DEBUG] Getting package.json info for C:/Users/Danim/OneDrive/Bureaublad/Syncroleap/web-sdk/apps/cosmic-cluster/package.json...
[02:10:19.953] [DEBUG] Using cached package.json for C:\Users\Danim\OneDrive\Bureaublad\Syncroleap\web-sdk\apps\cosmic-cluster\package.json...
[02:10:19.954] [DEBUG] Getting package.json info for C:/Users/Danim/OneDrive/Bureaublad/Syncroleap/web-sdk/apps/cosmic-cluster/package.json...
[02:10:19.954] [DEBUG] Using cached package.json for C:\Users\Danim\OneDrive\Bureaublad\Syncroleap\web-sdk\apps\cosmic-cluster\package.json...
[02:10:19.954] [DEBUG] Using cached version for @storybook/addon-svelte-csf...
[02:10:19.954] [DEBUG] Getting package.json info for C:/Users/Danim/OneDrive/Bureaublad/Syncroleap/web-sdk/apps/cosmic-cluster/package.json...
[02:10:19.954] [DEBUG] Using cached package.json for C:\Users\Danim\OneDrive\Bureaublad\Syncroleap\web-sdk\apps\cosmic-cluster\package.json...
[02:10:19.955] [DEBUG] Using cached package.json for C:\Users\Danim\OneDrive\Bureaublad\Syncroleap\web-sdk\package.json...
[02:10:19.955] [DEBUG] {
  "upgradedDependencies": []
}
[02:10:19.955] [DEBUG] {
  "upgradedDevDependencies": []
}
[02:10:19.955] [DEBUG] {
  "upgradedPeerDependencies": []
}
[02:10:19.955] [DEBUG] Getting package.json info for C:/Users/Danim/OneDrive/Bureaublad/Syncroleap/web-sdk/package.json...
[02:10:19.955] [DEBUG] Using cached package.json for C:\Users\Danim\OneDrive\Bureaublad\Syncroleap\web-sdk\package.json...
[02:10:19.956] [DEBUG] Getting package.json info for C:/Users/Danim/OneDrive/Bureaublad/Syncroleap/web-sdk/package.json...
[02:10:19.956] [DEBUG] Using cached package.json for C:\Users\Danim\OneDrive\Bureaublad\Syncroleap\web-sdk\package.json...
[02:10:19.956] [DEBUG] Getting package.json info for C:/Users/Danim/OneDrive/Bureaublad/Syncroleap/web-sdk/package.json...
[02:10:19.956] [DEBUG] Using cached package.json for C:\Users\Danim\OneDrive\Bureaublad\Syncroleap\web-sdk\package.json...
[02:10:19.957] [DEBUG] Using cached package.json for C:\Users\Danim\package.json...
[02:10:19.957] [DEBUG] {
  "upgradedDependencies": []
}
[02:10:19.957] [DEBUG] {
  "upgradedDevDependencies": []
}
[02:10:19.957] [DEBUG] {
  "upgradedPeerDependencies": []
}
[02:10:19.957] [DEBUG] Getting package.json info for C:/Users/Danim/package.json...
[02:10:19.957] [DEBUG] Using cached package.json for C:\Users\Danim\package.json...
[02:10:19.958] [DEBUG] Getting package.json info for C:/Users/Danim/package.json...
[02:10:19.958] [DEBUG] Using cached package.json for C:\Users\Danim\package.json...
[02:10:19.958] [DEBUG] Getting package.json info for C:/Users/Danim/package.json...
[02:10:19.958] [DEBUG] Using cached package.json for C:\Users\Danim\package.json...
[02:10:19.959] [INFO] upgrade-dependencies-task-success: Updated package versions in package.json files
[02:10:19.960] [INFO] detect-automigrations-task-start: Detecting automigrations...
[02:10:19.960] [DEBUG] Starting automigration collection across 1 projects and 19 fixes...
[02:10:19.960] [INFO] detect-automigrations-task: Checking automigrations for
C:/Users/Danim/OneDrive/Bureaublad/Syncroleap/web-sdk/apps/cosmic-cluster/.storybook...
[02:10:19.960] [DEBUG] Processing project: C:/Users/Danim/OneDrive/Bureaublad/Syncroleap/web-sdk/apps/cosmic-cluster/.storybook
[02:10:19.960] [DEBUG] Checking fix eslintPlugin for project C:/Users/Danim/OneDrive/Bureaublad/Syncroleap/web-sdk/apps/cosmic-cluster/.storybook...
[02:10:19.960] [DEBUG] Using cached package.json for C:\Users\Danim\OneDrive\Bureaublad\Syncroleap\web-sdk\apps\cosmic-cluster\package.json...
[02:10:19.960] [DEBUG] Using cached package.json for C:\Users\Danim\OneDrive\Bureaublad\Syncroleap\web-sdk\package.json...
[02:10:19.960] [DEBUG] Using cached package.json for C:\Users\Danim\package.json...
[02:10:19.960] [DEBUG] Using cached package.json for C:\Users\Danim\OneDrive\Bureaublad\Syncroleap\web-sdk\apps\cosmic-cluster\package.json...
[02:10:19.964] [DEBUG] Checking fix addon-mdx-gfm-remove for project C:/Users/Danim/OneDrive/Bureaublad/Syncroleap/web-sdk/apps/cosmic-cluster/.storybook...
[02:10:19.965] [DEBUG] Using cached package.json for C:\Users\Danim\OneDrive\Bureaublad\Syncroleap\web-sdk\apps\cosmic-cluster\package.json...
[02:10:19.965] [DEBUG] Using cached package.json for C:\Users\Danim\OneDrive\Bureaublad\Syncroleap\web-sdk\package.json...
[02:10:19.965] [DEBUG] Using cached package.json for C:\Users\Danim\package.json...
[02:10:19.965] [DEBUG] Checking fix addon-storysource-code-panel for project C:/Users/Danim/OneDrive/Bureaublad/Syncroleap/web-sdk/apps/cosmic-cluster/.storybook...
[02:10:19.965] [DEBUG] Checking fix upgrade-storybook-related-dependencies for project C:/Users/Danim/OneDrive/Bureaublad/Syncroleap/web-sdk/apps/cosmic-cluster/.storybook...
[02:10:19.965] [DEBUG] Checking for incompatible storybook packages...
[02:10:19.965] [DEBUG] Using cached package.json for C:\Users\Danim\OneDrive\Bureaublad\Syncroleap\web-sdk\apps\cosmic-cluster\package.json...
[02:10:19.965] [DEBUG] Using cached package.json for C:\Users\Danim\OneDrive\Bureaublad\Syncroleap\web-sdk\package.json...
[02:10:19.965] [DEBUG] Using cached package.json for C:\Users\Danim\package.json...
[02:10:19.971] [DEBUG] Using cached package.json for C:\Users\Danim\OneDrive\Bureaublad\Syncroleap\web-sdk\apps\cosmic-cluster\package.json...
[02:10:19.971] [DEBUG] Using cached package.json for C:\Users\Danim\OneDrive\Bureaublad\Syncroleap\web-sdk\package.json...
[02:10:19.971] [DEBUG] Using cached package.json for C:\Users\Danim\package.json...
[02:10:19.971] [DEBUG] Skipping components-storybook as it does not have a valid version type: workspace:*
[02:10:19.971] [DEBUG] Skipping config-storybook as it does not have a valid version type: workspace:*
[02:10:19.971] [DEBUG] Skipping components-storybook as it does not have a valid version type: workspace:*
[02:10:19.971] [DEBUG] Checking fix initial-globals for project C:/Users/Danim/OneDrive/Bureaublad/Syncroleap/web-sdk/apps/cosmic-cluster/.storybook...
[02:10:19.996] [DEBUG] Checking fix addon-globals-api for project C:/Users/Danim/OneDrive/Bureaublad/Syncroleap/web-sdk/apps/cosmic-cluster/.storybook...
[02:10:20.002] [DEBUG] Checking fix addon-a11y-addon-test for project C:/Users/Danim/OneDrive/Bureaublad/Syncroleap/web-sdk/apps/cosmic-cluster/.storybook...
[02:10:20.002] [DEBUG] Checking fix consolidated-imports for project C:/Users/Danim/OneDrive/Bureaublad/Syncroleap/web-sdk/apps/cosmic-cluster/.storybook...
[02:10:20.003] [DEBUG] Checking fix addon-experimental-test for project C:/Users/Danim/OneDrive/Bureaublad/Syncroleap/web-sdk/apps/cosmic-cluster/.storybook...
[02:10:20.003] [DEBUG] Using cached installed version for @storybook/experimental-addon-test...
[02:10:20.003] [DEBUG] Checking fix rnstorybook-config for project C:/Users/Danim/OneDrive/Bureaublad/Syncroleap/web-sdk/apps/cosmic-cluster/.storybook...
[02:10:20.003] [DEBUG] Using cached package.json for C:\Users\Danim\OneDrive\Bureaublad\Syncroleap\web-sdk\apps\cosmic-cluster\package.json...
[02:10:20.003] [DEBUG] Using cached package.json for C:\Users\Danim\OneDrive\Bureaublad\Syncroleap\web-sdk\package.json...
[02:10:20.003] [DEBUG] Using cached package.json for C:\Users\Danim\package.json...
[02:10:20.004] [DEBUG] Checking fix migrate-addon-console for project C:/Users/Danim/OneDrive/Bureaublad/Syncroleap/web-sdk/apps/cosmic-cluster/.storybook...
[02:10:20.004] [DEBUG] Using cached package.json for C:\Users\Danim\OneDrive\Bureaublad\Syncroleap\web-sdk\apps\cosmic-cluster\package.json...
[02:10:20.004] [DEBUG] Using cached package.json for C:\Users\Danim\OneDrive\Bureaublad\Syncroleap\web-sdk\package.json...
[02:10:20.004] [DEBUG] Using cached package.json for C:\Users\Danim\package.json...
[02:10:20.004] [DEBUG] Checking fix nextjs-to-nextjs-vite for project C:/Users/Danim/OneDrive/Bureaublad/Syncroleap/web-sdk/apps/cosmic-cluster/.storybook...
[02:10:20.004] [DEBUG] Using cached package.json for C:\Users\Danim\OneDrive\Bureaublad\Syncroleap\web-sdk\apps\cosmic-cluster\package.json...
[02:10:20.004] [DEBUG] Using cached package.json for C:\Users\Danim\OneDrive\Bureaublad\Syncroleap\web-sdk\package.json...
[02:10:20.004] [DEBUG] Using cached package.json for C:\Users\Danim\package.json...
[02:10:20.004] [DEBUG] Checking fix remove-addon-interactions for project C:/Users/Danim/OneDrive/Bureaublad/Syncroleap/web-sdk/apps/cosmic-cluster/.storybook...
[02:10:20.004] [DEBUG] Using cached package.json for C:\Users\Danim\OneDrive\Bureaublad\Syncroleap\web-sdk\apps\cosmic-cluster\package.json...
[02:10:20.004] [DEBUG] Using cached package.json for C:\Users\Danim\OneDrive\Bureaublad\Syncroleap\web-sdk\package.json...
[02:10:20.004] [DEBUG] Using cached package.json for C:\Users\Danim\package.json...
[02:10:20.004] [DEBUG] Checking fix renderer-to-framework for project C:/Users/Danim/OneDrive/Bureaublad/Syncroleap/web-sdk/apps/cosmic-cluster/.storybook...
[02:10:20.004] [DEBUG] Checking fix remove-essential-addons for project C:/Users/Danim/OneDrive/Bureaublad/Syncroleap/web-sdk/apps/cosmic-cluster/.storybook...
[02:10:20.004] [DEBUG] Using cached package.json for C:\Users\Danim\OneDrive\Bureaublad\Syncroleap\web-sdk\apps\cosmic-cluster\package.json...
[02:10:20.004] [DEBUG] Using cached package.json for C:\Users\Danim\OneDrive\Bureaublad\Syncroleap\web-sdk\package.json...
[02:10:20.004] [DEBUG] Using cached package.json for C:\Users\Danim\package.json...
[02:10:20.004] [DEBUG] Checking fix addon-a11y-parameters for project C:/Users/Danim/OneDrive/Bureaublad/Syncroleap/web-sdk/apps/cosmic-cluster/.storybook...
[02:10:20.005] [DEBUG] Checking fix remove-docs-autodocs for project C:/Users/Danim/OneDrive/Bureaublad/Syncroleap/web-sdk/apps/cosmic-cluster/.storybook...
[02:10:20.009] [DEBUG] Checking fix wrap-getAbsolutePath for project C:/Users/Danim/OneDrive/Bureaublad/Syncroleap/web-sdk/apps/cosmic-cluster/.storybook...
[02:10:20.013] [DEBUG] Checking fix fix-faux-esm-require for project C:/Users/Danim/OneDrive/Bureaublad/Syncroleap/web-sdk/apps/cosmic-cluster/.storybook...
[02:10:20.014] [INFO] detect-automigrations-task: 
Automigrations detected:
[02:10:20.016] [INFO] detect-automigrations-task: [32m[32m✔[32m eslintPlugin[39m
[02:10:20.016] [INFO] detect-automigrations-task: [32m[32m✔[32m wrap-getAbsolutePath[39m
[02:10:20.017] [INFO] detect-automigrations-task-success: 2 automigration(s) detected
[02:10:47.222] [PROMPT] Select automigrations to run {"choice":["eslintPlugin","wrap-getAbsolutePath"]}
[02:10:47.223] [INFO] automigrate-C:/Users/Danim/OneDrive/Bureaublad/Syncroleap/web-sdk/apps/cosmic-cluster/.storybook-task-start: Running automigrations for C:/Users/Danim/OneDrive/Bureaublad/Syncroleap/web-sdk/apps/cosmic-cluster/.storybook
[02:10:47.223] [DEBUG] Adding dependencies: eslint-plugin-storybook@10.1.10
[02:10:47.223] [DEBUG] Using cached package.json for C:\Users\Danim\OneDrive\Bureaublad\Syncroleap\web-sdk\apps\cosmic-cluster\package.json...
[02:10:47.223] [DEBUG] Getting CLI versions from NPM for eslint-plugin-storybook...
[02:10:47.223] [DEBUG] Executing command: pnpm info eslint-plugin-storybook version
[02:10:49.490] [INFO] automigrate-C:/Users/Danim/OneDrive/Bureaublad/Syncroleap/web-sdk/apps/cosmic-cluster/.storybook-task: [32m[32m✔[32m eslintPlugin[39m
[02:10:49.501] [INFO] automigrate-C:/Users/Danim/OneDrive/Bureaublad/Syncroleap/web-sdk/apps/cosmic-cluster/.storybook-task: [32m[32m✔[32m wrap-getAbsolutePath[39m
[02:10:49.501] [INFO] automigrate-C:/Users/Danim/OneDrive/Bureaublad/Syncroleap/web-sdk/apps/cosmic-cluster/.storybook-task-success: Completed automigrations for C:/Users/Danim/OneDrive/Bureaublad/Syncroleap/web-sdk/apps/cosmic-cluster/.storybook
[02:10:49.502] [INFO] Installing dependencies...
[02:10:49.502] [INFO] install-dependencies-spinner-start: Installing dependencies...
[02:10:49.503] [DEBUG] Executing command: pnpm install -w
[02:10:50.540] [INFO] Installing dependencies...:  WARN  `node_modules` is present. Lockfile only installation will make it out-of-date

[02:10:50.540] [INFO] install-dependencies-spinner: Installing dependencies...: WARN  `node_modules` is p
[02:10:50.658] [INFO] Installing dependencies...: Progress: resolved 1, reused 0, downloaded 0, added 0

[02:10:50.658] [INFO] install-dependencies-spinner: Installing dependencies...: Progress: resolved 1, reu
[02:10:51.662] [INFO] Installing dependencies...: Progress: resolved 39, reused 0, downloaded 0, added 0

[02:10:51.662] [INFO] install-dependencies-spinner: Installing dependencies...: Progress: resolved 39, re
[02:10:52.682] [INFO] Installing dependencies...: Progress: resolved 41, reused 0, downloaded 0, added 0

[02:10:52.682] [INFO] install-dependencies-spinner: Installing dependencies...: Progress: resolved 41, re
[02:10:53.723] [INFO] Installing dependencies...: Progress: resolved 136, reused 0, downloaded 0, added 0

[02:10:53.723] [INFO] install-dependencies-spinner: Installing dependencies...: Progress: resolved 136, r
[02:10:54.725] [INFO] Installing dependencies...: Progress: resolved 491, reused 0, downloaded 0, added 0

[02:10:54.725] [INFO] install-dependencies-spinner: Installing dependencies...: Progress: resolved 491, r
[02:10:55.749] [INFO] Installing dependencies...: Progress: resolved 560, reused 0, downloaded 0, added 0

[02:10:55.749] [INFO] install-dependencies-spinner: Installing dependencies...: Progress: resolved 560, r
[02:10:56.750] [INFO] Installing dependencies...: Progress: resolved 573, reused 0, downloaded 0, added 0

[02:10:56.750] [INFO] install-dependencies-spinner: Installing dependencies...: Progress: resolved 573, r
[02:10:57.752] [INFO] Installing dependencies...: Progress: resolved 584, reused 0, downloaded 0, added 0

[02:10:57.752] [INFO] install-dependencies-spinner: Installing dependencies...: Progress: resolved 584, r
[02:10:58.600] [INFO] Installing dependencies...:  WARN  2 deprecated subdependencies found: lodash.get@4.4.2, source-map@0.8.0-beta.0

[02:10:58.600] [INFO] install-dependencies-spinner: Installing dependencies...: WARN  2 deprecated subdep
[02:10:58.654] [INFO] Installing dependencies...: Progress: resolved 600, reused 0, downloaded 0, added 0, done

[02:10:58.654] [INFO] install-dependencies-spinner: Installing dependencies...: Progress: resolved 600, r
[02:10:58.657] [INFO] Installing dependencies...:  WARN  Issues with peer dependencies found
apps/cosmic-cluster
└─┬ eslint-plugin-storybook 10.1.10
  └── ✕ unmet peer storybook@^10.1.10: found 9.0.15

packages/config-storybook
└─┬ @chromatic-com/storybook 3.2.5
  └── ✕ unmet peer storybook@"^8.2.0 || ^8.3.0-0 || ^8.4.0-0 || ^8.5.0-0 || ^8.6.0-0": found 9.0.15

packages/state-shared
├─┬ @sveltejs/kit 2.17.3
│ └── ✕ unmet peer vite@"^5.0.3 || ^6.0.0": found 7.0.0
└─┬ @sveltejs/vite-plugin-svelte 5.1.0
  ├── ✕ unmet peer vite@^6.0.0: found 7.0.0
  └─┬ @sveltejs/vite-plugin-svelte-inspector 4.0.1
    └── ✕ unmet peer vite@^6.0.0: found 7.0.0

[02:10:58.658] [INFO] install-dependencies-spinner: Installing dependencies...: WARN  Issues with peer de
[02:10:58.658] [INFO] Installing dependencies...: 

[02:10:58.658] [INFO] install-dependencies-spinner: Installing dependencies...: 
[02:10:58.709] [INFO] Installing dependencies...: Packages: +2
++

[02:10:58.709] [INFO] install-dependencies-spinner: Installing dependencies...: Packages: +2
++
[02:10:59.230] [INFO] Installing dependencies...: Done in 9.2s using pnpm v10.5.0

[02:10:59.230] [INFO] install-dependencies-spinner: Installing dependencies...: Done in 9.2s using pnpm v
[02:10:59.282] [INFO] Dependencies installed
[02:10:59.282] [INFO] install-dependencies-spinner-stop: Dependencies installed
[02:10:59.283] [WARN] Since you are in a monorepo, we advise you to deduplicate your dependencies. We can do this for you but it might take some time.
[02:11:03.759] [PROMPT] Execute pnpm run dedupe? {"choice":true}
[02:11:03.760] [INFO] Deduplicating dependencies...
[02:11:03.760] [INFO] Deduplicating dependencies...
[02:11:03.760] [DEBUG] Executing command: pnpm dedupe
[02:11:04.566] [INFO] Progress: resolved 1, reused 0, downloaded 0, added 0
[02:11:04.566] [INFO] Progress: resolved 1, reused 0, downloaded 0, added 0
[02:11:05.567] [INFO] Progress: resolved 20, reused 17, downloaded 1, added 0
[02:11:05.567] [INFO] Progress: resolved 20, reused 17, downloaded 1, added 0
[02:11:06.567] [INFO] Progress: resolved 35, reused 33, downloaded 2, added 0
[02:11:06.567] [INFO] Progress: resolved 35, reused 33, downloaded 2, added 0
[02:11:07.567] [INFO] Progress: resolved 66, reused 61, downloaded 2, added 0
[02:11:07.567] [INFO] Progress: resolved 66, reused 61, downloaded 2, added 0
[02:11:08.615] [INFO] Progress: resolved 134, reused 131, downloaded 2, added 0
[02:11:08.615] [INFO] Progress: resolved 134, reused 131, downloaded 2, added 0
[02:11:09.675] [INFO] Progress: resolved 297, reused 226, downloaded 2, added 0
[02:11:09.675] [INFO] Progress: resolved 297, reused 226, downloaded 2, added 0
[02:11:10.683] [INFO] Progress: resolved 401, reused 309, downloaded 2, added 0
[02:11:10.683] [INFO] Progress: resolved 401, reused 309, downloaded 2, added 0
[02:11:11.683] [INFO] Progress: resolved 483, reused 390, downloaded 2, added 0
[02:11:11.683] [INFO] Progress: resolved 483, reused 390, downloaded 2, added 0
[02:11:12.696] [INFO] Progress: resolved 551, reused 459, downloaded 2, added 0
[02:11:12.696] [INFO] Progress: resolved 551, reused 459, downloaded 2, added 0
[02:11:13.706] [INFO] Progress: resolved 582, reused 485, downloaded 2, added 0
[02:11:13.706] [INFO] Progress: resolved 582, reused 485, downloaded 2, added 0
[02:11:13.965] [INFO] WARN  2 deprecated subdependencies found: lodash.get@4.4.2, source-map@0.8.0-beta.0
[02:11:13.965] [INFO] WARN  2 deprecated subdependencies found: lodash.get@4.4.2, source-map@0.8.0-beta.0
[02:11:13.988] [INFO] Already up to date
[02:11:13.988] [INFO] Already up to date
[02:11:14.582] [INFO] Progress: resolved 600, reused 488, downloaded 2, added 4, done
[02:11:14.582] [INFO] Progress: resolved 600, reused 488, downloaded 2, added 4, done
[02:11:16.801] [INFO] WARN  Issues with peer dependencies found
apps/cosmic-cluster
└─┬ eslint-plugin-storybook 10.1.10
  └── ✕ unmet peer storybook@^10.1.10: found 9.0.15

packages/components-storybook
└─┬ @chromatic-com/storybook 3.2.5
  └── ✕ unmet peer storybook@"^8.2.0 || ^8.3.0-0 || ^8.4.0-0 || ^8.5.0-0 || ^8.6.0-0": found 9.0.15

packages/state-shared
├─┬ @sveltejs/kit 2.17.3
│ └── ✕ unmet peer vite@"^5.0.3 || ^6.0.0": found 7.0.0
└─┬ @sveltejs/vite-plugin-svelte 5.1.0
  ├── ✕ unmet peer vite@^6.0.0: found 7.0.0
  └─┬ @sveltejs/vite-plugin-svelte-inspector 4.0.1
    └── ✕ unmet peer vite@^6.0.0: found 7.0.0
[02:11:16.801] [INFO] WARN  Issues with peer dependencies found
apps/cosmic-cluster
└─┬ eslint-plugin-storybook 10.1.10
  └── ✕ unmet peer storybook@^10.1.10: found 9.0.15

packages/components-storybook
└─┬ @chromatic-com/storybook 3.2.5
  └── ✕ unmet peer storybook@"^8.2.0 || ^8.3.0-0 || ^8.4.0-0 || ^8.5.0-0 || ^8.6.0-0": found 9.0.15

packages/state-shared
├─┬ @sveltejs/kit 2.17.3
│ └── ✕ unmet peer vite@"^5.0.3 || ^6.0.0": found 7.0.0
└─┬ @sveltejs/vite-plugin-svelte 5.1.0
  ├── ✕ unmet peer vite@^6.0.0: found 7.0.0
  └─┬ @sveltejs/vite-plugin-svelte-inspector 4.0.1
    └── ✕ unmet peer vite@^6.0.0: found 7.0.0
[02:11:16.803] [INFO] dependencies:
+ eslint 9.21.0 (9.39.2 is available)
+ eslint-config-custom 0.0.0 <- packages\eslint-config-custom
+ prettier 3.5.2 (3.7.4 is available)
+ prettier-plugin-svelte 3.3.3 (3.4.1 is available)
+ turbo 2.4.4 (2.7.1 is available)

devDependencies:
+ cross-env 10.1.0
[02:11:16.803] [INFO] dependencies:
+ eslint 9.21.0 (9.39.2 is available)
+ eslint-config-custom 0.0.0 <- packages\eslint-config-custom
+ prettier 3.5.2 (3.7.4 is available)
+ prettier-plugin-svelte 3.3.3 (3.4.1 is available)
+ turbo 2.4.4 (2.7.1 is available)

devDependencies:
+ cross-env 10.1.0
[02:11:16.908] [INFO] Dependencies deduplicated
[02:11:16.908] [INFO] [32mDependencies deduplicated[39m
[02:11:16.908] [INFO] Checking the health of your project(s)..
[02:11:16.910] [DEBUG] Using cached package.json for C:\Users\Danim\OneDrive\Bureaublad\Syncroleap\web-sdk\apps\cosmic-cluster\package.json...
[02:11:16.910] [DEBUG] Using cached package.json for C:\Users\Danim\OneDrive\Bureaublad\Syncroleap\web-sdk\package.json...
[02:11:16.910] [DEBUG] Using cached package.json for C:\Users\Danim\package.json...
[02:11:16.914] [DEBUG] Executing command: pnpm list "@storybook/*" "storybook" --json --depth=99
[02:11:17.808] [WARN] C:/Users/Danim/OneDrive/Bureaublad/Syncroleap/web-sdk/apps/cosmic-cluster/.storybook: 2 issues found
[02:11:17.808] [INFO] The "storybook" package was not found in your package.json.
Installing "storybook" as a direct dev dependency in your package.json is required.
[02:11:17.809] [INFO] You are currently using Storybook [1m10.1.10[22m but you have packages which are incompatible with it:

- components-storybook@0.1.1 which depends on 9.0.15

Please consider updating your packages or contacting the maintainers for compatibility details.

For more details on compatibility guidance, see:
https://github.com/storybookjs/storybook/issues/32836
[02:11:17.810] [INFO] Storybook doctor is complete!
[02:11:17.810] [INFO] You can always recheck the health of your project(s) by running:
[36mnpx storybook doctor[39m
[02:11:17.811] [INFO] [33mYour project(s) have been upgraded successfully, but some issues were found which need your attention, please check Storybook doctor logs above.[39m
[02:11:17.812] [INFO] If you want to learn more about the automigrations that executed in your project(s), please check the following links:
• ]8;;https://storybook.js.org/docs/9/configure/integration/eslint-plugineslintPlugin]8;;
• ]8;;https://storybook.js.org/docs/faq#how-do-i-fix-module-resolution-in-special-environmentswrap-getAbsolutePath]8;;
[02:11:17.813] [INFO] For a full list of changes, please check our migration guide: [36mhttps://storybook.js.org/docs/releases/migration-guide?ref=upgrade[39m
[02:11:17.816] [INFO] Storybook collects completely anonymous usage telemetry. We use it to shape Storybook's roadmap and prioritize features. You can learn more, including how to opt out, at https://storybook.js.org/telemetry
[02:11:19.675] [INFO] Storybook upgrade completed!